d:\code\raytracer\raytrace\raytrace\x64\debug\vc142.pdb
d:\code\raytracer\raytrace\raytrace\x64\debug\vc142.idb
d:\code\raytracer\raytrace\raytrace\x64\debug\vbo.obj
d:\code\raytracer\raytrace\raytrace\x64\debug\vao.obj
d:\code\raytracer\raytrace\raytrace\x64\debug\ssbo.obj
d:\code\raytracer\raytrace\raytrace\x64\debug\shader.obj
d:\code\raytracer\raytrace\raytrace\x64\debug\ray.obj
d:\code\raytracer\raytrace\raytrace\x64\debug\objmodel.obj
d:\code\raytracer\raytrace\raytrace\x64\debug\maths.obj
d:\code\raytracer\raytrace\raytrace\x64\debug\main.obj
d:\code\raytracer\raytrace\raytrace\x64\debug\imgui_widgets.obj
d:\code\raytracer\raytrace\raytrace\x64\debug\imgui_tables.obj
d:\code\raytracer\raytrace\raytrace\x64\debug\imgui_impl_opengl3.obj
d:\code\raytracer\raytrace\raytrace\x64\debug\imgui_impl_glfw.obj
d:\code\raytracer\raytrace\raytrace\x64\debug\imgui_draw.obj
d:\code\raytracer\raytrace\raytrace\x64\debug\imgui_demo.obj
d:\code\raytracer\raytrace\raytrace\x64\debug\imgui.obj
d:\code\raytracer\raytrace\raytrace\x64\debug\geometry.obj
d:\code\raytracer\raytrace\raytrace\x64\debug\ebo.obj
d:\code\raytracer\raytrace\raytrace\x64\debug\cube.obj
d:\code\raytracer\raytrace\raytrace\x64\debug\camera.obj
d:\code\raytracer\raytrace\raytrace\x64\debug\app.obj
d:\code\raytracer\raytrace\raytrace\x64\debug\world.obj
d:\code\raytracer\raytrace\raytrace\x64\debug\glad.obj
d:\code\raytracer\raytrace\x64\debug\raytrace.exe
d:\code\raytracer\raytrace\x64\debug\raytrace.ilk
d:\code\raytracer\raytrace\x64\debug\raytrace.pdb
d:\code\raytracer\raytrace\raytrace\x64\debug\raytrace.tlog\cl.command.1.tlog
d:\code\raytracer\raytrace\raytrace\x64\debug\raytrace.tlog\cl.read.1.tlog
d:\code\raytracer\raytrace\raytrace\x64\debug\raytrace.tlog\cl.write.1.tlog
d:\code\raytracer\raytrace\raytrace\x64\debug\raytrace.tlog\link.command.1.tlog
d:\code\raytracer\raytrace\raytrace\x64\debug\raytrace.tlog\link.read.1.tlog
d:\code\raytracer\raytrace\raytrace\x64\debug\raytrace.tlog\link.write.1.tlog
